TN:
SF:/mediawiki-php-excimer/excimer.c
FNL:0,1006,1012
FNA:0,0,ExcimerLog_iterator_invalidate_current
FNL:1,1015,1029
FNA:1,91,ExcimerLog_init_entry
FNL:2,1041,1046
FNA:2,50,ExcimerLog_count_elements
FNL:3,1052,1055
FNA:3,0,zim_ExcimerLog___construct
FNL:4,1060,1064
FNA:4,2,zim_ExcimerLog_formatCollapsed
FNL:5,1069,1073
FNA:5,1,zim_ExcimerLog_getSpeedscopeData
FNL:6,1078,1082
FNA:6,1,zim_ExcimerLog_aggregateByFunction
FNL:7,1087,1091
FNA:7,1,zim_ExcimerLog_getEventCount
FNL:8,1096,1108
FNA:8,30,zim_ExcimerLog_current
FNL:9,1113,1125
FNA:9,0,zim_ExcimerLog_key
FNL:10,1130,1142
FNA:10,30,zim_ExcimerLog_next
FNL:11,1147,1157
FNA:11,1,zim_ExcimerLog_rewind
FNL:12,1162,1174
FNA:12,31,zim_ExcimerLog_valid
FNL:13,1179,1187
FNA:13,2,zim_ExcimerLog_count
FNL:14,1191,1205
FNA:14,2,zim_ExcimerLog_offsetExists
FNL:15,1209,1223
FNA:15,1,zim_ExcimerLog_offsetGet
FNL:16,1227,1230
FNA:16,0,zim_ExcimerLog_offsetSet
FNL:17,1234,1237
FNA:17,0,zim_ExcimerLog_offsetUnset
FNL:18,1240,1246
FNA:18,91,ExcimerLogEntry_new
FNL:19,1249,1255
FNA:19,91,ExcimerLogEntry_free_object
FNL:20,1260,1263
FNA:20,0,zim_ExcimerLogEntry___construct
FNL:21,1268,1278
FNA:21,118,zim_ExcimerLogEntry_getTimestamp
FNL:22,1283,1293
FNA:22,60,zim_ExcimerLogEntry_getEventCount
FNL:23,1298,1308
FNA:23,91,zim_ExcimerLogEntry_getTrace
FNL:24,1311,1318
FNA:24,37,ExcimerTimer_new
FNL:25,1321,1329
FNA:25,37,ExcimerTimer_free_object
FNL:26,1334,1350
FNA:26,2,zim_ExcimerTimer_setEventType
FNL:27,1355,1365
FNA:27,24,zim_ExcimerTimer_setInterval
FNL:28,1370,1380
FNA:28,13,zim_ExcimerTimer_setPeriod
FNL:29,1385,1400
FNA:29,34,zim_ExcimerTimer_setCallback
FNL:30,1403,1416
FNA:30,35,ExcimerTimer_set_callback
FNL:31,1421,1432
FNA:31,36,zim_ExcimerTimer_start
FNL:32,1437,1445
FNA:32,2,zim_ExcimerTimer_stop
FNL:33,1450,1460
FNA:33,3,zim_ExcimerTimer_getTime
FNL:34,1463,1482
FNA:34,37,ExcimerTimer_start
FNL:35,1485,1490
FNA:35,2,ExcimerTimer_stop
FNL:36,1493,1523
FNA:36,26,ExcimerTimer_event
FNL:37,1528,1548
FNA:37,1,zif_excimer_set_timeout
FNL:38,1581,1581
FNA:38,17,get_module
FNL:39,467,480
FNA:39,144,excimer_object_alloc_init
FNL:40,483,490
FNA:40,1486,excimer_check_object
FNL:41,494,541
FNA:41,17,zm_startup_excimer
FNL:42,546,551
FNA:42,17,zm_shutdown_excimer
FNL:43,556,560
FNA:43,17,zm_activate_excimer
FNL:44,564,568
FNA:44,17,zm_post_zend_deactivate_excimer
FNL:45,573,580
FNA:45,0,zm_info_excimer
FNL:46,583,608
FNA:46,5,ExcimerProfiler_new
FNL:47,611,623
FNA:47,5,ExcimerProfiler_free_object
FNL:48,626,636
FNA:48,5,ExcimerProfiler_dtor
FNL:49,641,658
FNA:49,5,zim_ExcimerProfiler_setPeriod
FNL:50,663,679
FNA:50,5,zim_ExcimerProfiler_setEventType
FNL:51,684,695
FNA:51,1,zim_ExcimerProfiler_setMaxDepth
FNL:52,700,720
FNA:52,0,zim_ExcimerProfiler_setFlushCallback
FNL:53,725,731
FNA:53,0,zim_ExcimerProfiler_clearFlushCallback
FNL:54,736,747
FNA:54,7,zim_ExcimerProfiler_start
FNL:55,752,760
FNA:55,5,zim_ExcimerProfiler_stop
FNL:56,765,773
FNA:56,49,zim_ExcimerProfiler_getLog
FNL:57,777,785
FNA:57,5,zim_ExcimerProfiler_flush
FNL:58,788,807
FNA:58,7,ExcimerProfiler_start
FNL:59,810,815
FNA:59,5,ExcimerProfiler_stop
FNL:60,818,838
FNA:60,63,ExcimerProfiler_event
FNL:61,841,881
FNA:61,6,ExcimerProfiler_flush
FNL:62,884,892
FNA:62,11,ExcimerLog_new
FNL:63,895,901
FNA:63,11,ExcimerLog_free_object
FNL:64,905,926
FNA:64,2,ExcimerLog_get_iterator
FNL:65,929,937
FNA:65,2,ExcimerLog_iterator_dtor
FNL:66,940,950
FNA:66,62,ExcimerLog_iterator_valid
FNL:67,953,966
FNA:67,60,ExcimerLog_iterator_get_current_data
FNL:68,969,979
FNA:68,0,ExcimerLog_iterator_get_current_key
FNL:69,982,993
FNA:69,60,ExcimerLog_iterator_move_forward
FNL:70,996,1003
FNA:70,2,ExcimerLog_iterator_rewind
FNF:71
FNH:61
DA:467,144
DA:472,144
DA:474,144
DA:475,144
DA:476,144
DA:477,144
DA:478,144
DA:479,144
DA:483,1486
DA:485,1486
DA:486,0
DA:488,1486
DA:494,17
DA:498,17
DA:500,17
DA:505,17
DA:517,17
DA:518,17
DA:520,17
DA:521,17
DA:522,17
DA:524,17
DA:526,17
DA:527,17
DA:533,17
DA:534,17
DA:538,17
DA:540,17
DA:546,17
DA:548,17
DA:549,17
DA:550,17
DA:556,17
DA:558,17
DA:559,17
DA:564,17
DA:566,17
DA:567,17
DA:573,0
DA:575,0
DA:576,0
DA:577,0
DA:578,0
DA:579,0
DA:580,0
DA:583,5
DA:585,5
DA:590,5
DA:592,5
DA:593,10
DA:594,5
DA:595,5
DA:597,5
DA:598,5
DA:599,5
DA:602,5
DA:603,5
DA:604,5
DA:605,5
DA:607,5
DA:611,5
DA:613,5
DA:615,5
DA:616,5
DA:618,5
DA:619,5
DA:620,5
DA:621,5
DA:622,5
DA:623,5
DA:626,5
DA:628,5
DA:629,10
DA:632,5
DA:633,1
DA:634,1
DA:636,5
DA:641,5
DA:644,10
DA:646,5
DA:647,10
DA:648,5
DA:651,5
DA:653,5
DA:654,5
DA:656,5
DA:657,5
DA:663,5
DA:666,10
DA:668,5
DA:669,10
DA:670,5
DA:672,5
DA:673,0
DA:674,0
DA:677,5
DA:678,5
DA:684,1
DA:688,1
DA:689,2
DA:690,1
DA:692,2
DA:693,1
DA:694,1
DA:700,0
DA:704,0
DA:707,0
DA:708,0
DA:709,0
DA:710,0
DA:712,0
DA:713,0
DA:715,0
DA:718,0
DA:719,0
DA:725,0
DA:727,0
DA:728,0
DA:729,0
DA:730,0
DA:731,0
DA:736,7
DA:738,14
DA:740,7
DA:741,7
DA:743,7
DA:744,0
DA:746,7
DA:752,5
DA:754,10
DA:756,5
DA:757,5
DA:759,5
DA:765,49
DA:767,98
DA:769,49
DA:770,49
DA:772,147
DA:777,5
DA:779,10
DA:781,5
DA:782,5
DA:784,5
DA:788,7
DA:790,7
DA:791,5
DA:792,0
DA:794,5
DA:795,5
DA:800,0
DA:802,5
DA:804,7
DA:810,5
DA:812,5
DA:813,5
DA:815,5
DA:818,63
DA:822,63
DA:823,63
DA:826,63
DA:828,63
DA:829,63
DA:831,63
DA:833,63
DA:835,0
DA:836,0
DA:838,63
DA:841,6
DA:843,6
DA:844,6
DA:848,6
DA:853,6
DA:854,6
DA:855,6
DA:856,6
DA:858,12
DA:859,6
DA:863,0
DA:866,0
DA:868,0
DA:869,0
DA:872,0
DA:875,0
DA:876,0
DA:877,0
DA:878,0
DA:880,0
DA:884,11
DA:886,11
DA:887,11
DA:889,11
DA:890,11
DA:891,11
DA:895,11
DA:897,11
DA:898,11
DA:899,11
DA:900,11
DA:901,11
DA:905,2
DA:910,2
DA:911,0
DA:912,0
DA:915,2
DA:916,2
DA:918,2
DA:920,2
DA:921,2
DA:922,2
DA:923,2
DA:925,2
DA:929,2
DA:931,2
DA:933,2
DA:934,2
DA:935,2
DA:936,2
DA:937,2
DA:940,62
DA:942,62
DA:943,124
DA:945,62
DA:946,60
DA:948,2
DA:953,60
DA:955,60
DA:956,120
DA:958,120
DA:959,60
DA:960,60
DA:962,0
DA:965,60
DA:969,0
DA:971,0
DA:972,0
DA:974,0
DA:975,0
DA:977,0
DA:979,0
DA:982,60
DA:984,60
DA:985,120
DA:987,60
DA:988,60
DA:990,60
DA:991,60
DA:993,60
DA:996,2
DA:998,2
DA:1000,2
DA:1001,2
DA:1002,2
DA:1003,2
DA:1006,0
DA:1008,0
DA:1010,0
DA:1011,0
DA:1012,0
DA:1015,91
DA:1017,91
DA:1018,91
DA:1021,91
DA:1022,91
DA:1023,91
DA:1024,91
DA:1025,91
DA:1027,0
DA:1029,91
DA:1041,50
DA:1043,50
DA:1044,50
DA:1045,50
DA:1052,0
DA:1054,0
DA:1055,0
DA:1060,2
DA:1062,4
DA:1063,4
DA:1069,1
DA:1071,2
DA:1072,1
DA:1073,1
DA:1078,1
DA:1080,2
DA:1081,1
DA:1087,1
DA:1089,2
DA:1090,1
DA:1096,30
DA:1098,60
DA:1100,30
DA:1101,30
DA:1103,60
DA:1104,60
DA:1107,90
DA:1113,0
DA:1115,0
DA:1117,0
DA:1118,0
DA:1120,0
DA:1121,0
DA:1123,0
DA:1130,30
DA:1132,60
DA:1134,30
DA:1135,30
DA:1137,30
DA:1138,30
DA:1139,30
DA:1140,30
DA:1147,1
DA:1149,2
DA:1151,1
DA:1152,1
DA:1154,1
DA:1155,1
DA:1156,1
DA:1162,31
DA:1164,62
DA:1166,31
DA:1167,31
DA:1169,31
DA:1170,30
DA:1172,1
DA:1179,2
DA:1181,4
DA:1183,2
DA:1184,2
DA:1186,2
DA:1191,2
DA:1193,4
DA:1196,2
DA:1197,4
DA:1198,2
DA:1200,2
DA:1201,1
DA:1203,1
DA:1209,1
DA:1211,2
DA:1214,1
DA:1215,2
DA:1216,1
DA:1218,1
DA:1219,0
DA:1222,2
DA:1227,0
DA:1229,0
DA:1230,0
DA:1234,0
DA:1236,0
DA:1237,0
DA:1240,91
DA:1242,91
DA:1243,91
DA:1244,91
DA:1245,91
DA:1249,91
DA:1251,91
DA:1252,91
DA:1253,91
DA:1254,91
DA:1255,91
DA:1260,0
DA:1262,0
DA:1263,0
DA:1268,118
DA:1270,236
DA:1271,118
DA:1272,118
DA:1274,118
DA:1275,118
DA:1277,118
DA:1283,60
DA:1285,120
DA:1286,60
DA:1287,60
DA:1289,60
DA:1290,60
DA:1292,60
DA:1298,91
DA:1300,182
DA:1301,91
DA:1302,91
DA:1304,91
DA:1305,91
DA:1307,91
DA:1311,37
DA:1313,37
DA:1314,37
DA:1315,37
DA:1316,37
DA:1317,37
DA:1321,37
DA:1323,37
DA:1324,37
DA:1325,37
DA:1327,37
DA:1328,37
DA:1329,37
DA:1334,2
DA:1336,4
DA:1339,2
DA:1340,4
DA:1341,2
DA:1343,2
DA:1344,0
DA:1345,0
DA:1348,2
DA:1349,2
DA:1355,24
DA:1357,48
DA:1360,24
DA:1361,48
DA:1362,24
DA:1364,24
DA:1370,13
DA:1372,26
DA:1375,13
DA:1376,26
DA:1377,13
DA:1379,13
DA:1385,34
DA:1387,68
DA:1390,34
DA:1391,34
DA:1392,34
DA:1394,68
DA:1395,0
DA:1396,0
DA:1398,34
DA:1403,35
DA:1407,35
DA:1408,0
DA:1410,0
DA:1413,35
DA:1414,35
DA:1415,35
DA:1421,36
DA:1423,72
DA:1425,36
DA:1426,36
DA:1428,36
DA:1429,0
DA:1431,36
DA:1437,2
DA:1439,4
DA:1441,2
DA:1442,2
DA:1444,2
DA:1450,3
DA:1452,6
DA:1455,3
DA:1456,3
DA:1458,3
DA:1459,3
DA:1463,37
DA:1465,37
DA:1466,37
DA:1467,0
DA:1469,37
DA:1470,37
DA:1475,0
DA:1477,37
DA:1479,37
DA:1485,2
DA:1487,2
DA:1488,2
DA:1490,2
DA:1493,26
DA:1495,26
DA:1502,78
DA:1503,0
DA:1506,26
DA:1509,0
DA:1511,0
DA:1512,0
DA:1515,26
DA:1516,26
DA:1518,26
DA:1519,26
DA:1520,26
DA:1522,26
DA:1528,1
DA:1534,1
DA:1535,1
DA:1536,2
DA:1537,1
DA:1539,1
DA:1540,1
DA:1541,1
DA:1542,0
DA:1543,0
DA:1546,1
DA:1547,1
DA:1581,17
LF:495
LH:402
end_of_record
TN:
SF:/mediawiki-php-excimer/excimer_log.c
FNL:0,104,126
FNA:0,11,excimer_log_destroy
FNL:1,128,131
FNA:1,1,excimer_log_set_max_depth
FNL:2,133,138
FNA:2,6,excimer_log_copy_options
FNL:3,140,153
FNA:3,63,excimer_log_add
FNL:4,155,184
FNA:4,1,excimer_log_get_truncation_marker
FNL:5,186,266
FNA:5,251,excimer_log_find_or_add_frame
FNL:6,268,271
FNA:6,0,excimer_log_get_size
FNL:7,273,280
FNA:7,421,excimer_log_get_entry
FNL:8,282,289
FNA:8,444,excimer_log_get_frame
FNL:9,291,304
FNA:9,42,excimer_log_append_no_spaces
FNL:10,306,324
FNA:10,39,excimer_log_append_frame_name
FNL:11,326,418
FNA:11,2,excimer_log_format_collapsed
FNL:12,420,435
FNA:12,7,excimer_log_frame_to_speedscope_array
FNL:13,437,444
FNA:13,10,excimer_log_get_speedscope_frame_key
FNL:14,446,453
FNA:14,30,excimer_log_count_frames
FNL:15,455,563
FNA:15,1,excimer_log_get_speedscope_data
FNL:16,565,594
FNA:16,309,excimer_log_frame_to_array
FNL:17,596,612
FNA:17,91,excimer_log_trace_to_array
FNL:18,617,627
FNA:18,150,excimer_log_array_incr
FNL:19,635,645
FNA:19,12,excimer_log_aggr_compare
FNL:20,647,726
FNA:20,1,excimer_log_aggr_by_func
FNL:21,93,102
FNA:21,11,excimer_log_init
FNF:22
FNH:21
DA:93,11
DA:95,11
DA:96,11
DA:97,11
DA:98,11
DA:99,11
DA:100,11
DA:101,11
DA:102,11
DA:104,11
DA:106,11
DA:107,5
DA:109,11
DA:111,43
DA:112,32
DA:113,21
DA:115,32
DA:116,1
DA:118,32
DA:119,17
DA:122,11
DA:124,11
DA:125,11
DA:126,11
DA:128,1
DA:130,1
DA:131,1
DA:133,6
DA:135,6
DA:136,6
DA:137,6
DA:138,6
DA:140,63
DA:143,63
DA:146,63
DA:148,63
DA:149,63
DA:150,63
DA:151,63
DA:152,63
DA:153,63
DA:155,1
DA:160,1
DA:162,1
DA:163,0
DA:166,1
DA:167,1
DA:170,1
DA:172,1
DA:174,1
DA:176,1
DA:177,1
DA:178,1
DA:179,1
DA:181,1
DA:183,1
DA:186,251
DA:190,251
DA:191,0
DA:192,251
DA:193,62
DA:194,189
DA:195,1
DA:197,188
DA:200,251
DA:201,251
DA:203,63
DA:205,188
DA:206,188
DA:207,188
DA:211,188
DA:212,188
DA:214,188
DA:215,9
DA:216,9
DA:219,188
DA:220,126
DA:221,126
DA:224,188
DA:225,13
DA:228,188
DA:229,188
DA:232,188
DA:234,188
DA:236,188
DA:237,188
DA:240,188
DA:241,188
DA:243,168
DA:244,168
DA:245,8
DA:247,168
DA:248,110
DA:251,168
DA:256,20
DA:257,20
DA:258,20
DA:260,20
DA:263,20
DA:268,0
DA:270,0
DA:273,421
DA:275,421
DA:276,421
DA:278,0
DA:282,444
DA:284,444
DA:285,444
DA:287,0
DA:291,42
DA:293,42
DA:294,42
DA:296,592
DA:297,550
DA:298,550
DA:299,0
DA:301,550
DA:303,42
DA:304,42
DA:306,39
DA:307,39
DA:312,6
DA:313,6
DA:314,33
DA:316,6
DA:318,27
DA:319,3
DA:322,27
DA:324,39
DA:326,2
DA:332,2
DA:336,2
DA:337,2
DA:338,2
DA:340,2
DA:341,2
DA:342,2
DA:344,2
DA:345,2
DA:349,33
DA:350,31
DA:351,31
DA:352,31
DA:353,5
DA:354,5
DA:357,31
DA:361,18
DA:362,5
DA:363,5
DA:366,5
DA:367,5
DA:370,27
DA:371,22
DA:372,22
DA:373,10
DA:375,0
DA:377,10
DA:378,10
DA:380,22
DA:381,22
DA:385,27
DA:386,22
DA:388,22
DA:389,5
DA:393,22
DA:397,5
DA:398,5
DA:399,5
DA:400,5
DA:401,5
DA:403,5
DA:408,12
DA:410,5
DA:414,2
DA:415,2
DA:416,2
DA:417,2
DA:420,7
DA:421,7
DA:423,7
DA:425,7
DA:426,21
DA:427,7
DA:429,7
DA:430,21
DA:431,7
DA:434,7
DA:437,10
DA:438,10
DA:440,10
DA:442,10
DA:443,10
DA:446,30
DA:447,30
DA:448,150
DA:449,120
DA:450,120
DA:452,30
DA:455,1
DA:456,1
DA:460,1
DA:461,1
DA:462,1
DA:469,11
DA:471,10
DA:472,10
DA:473,10
DA:474,10
DA:476,7
DA:477,7
DA:478,7
DA:480,7
DA:481,7
DA:483,10
DA:486,1
DA:490,1
DA:495,1
DA:496,1
DA:497,1
DA:498,1
DA:499,31
DA:500,30
DA:501,30
DA:503,30
DA:504,1
DA:506,30
DA:508,30
DA:513,30
DA:514,30
DA:515,30
DA:524,150
DA:525,120
DA:526,120
DA:529,30
DA:532,270
DA:533,120
DA:534,120
DA:538,30
DA:539,30
DA:541,30
DA:542,30
DA:547,1
DA:552,1
DA:558,1
DA:562,1
DA:563,1
DA:565,309
DA:566,309
DA:569,309
DA:570,927
DA:571,309
DA:572,309
DA:573,309
DA:576,309
DA:577,38
DA:578,19
DA:581,309
DA:582,651
DA:583,217
DA:586,309
DA:587,28
DA:588,28
DA:589,28
DA:593,309
DA:596,91
DA:598,91
DA:599,91
DA:600,393
DA:601,302
DA:602,302
DA:605,302
DA:606,302
DA:608,302
DA:611,91
DA:617,150
DA:619,150
DA:620,150
DA:622,0
DA:623,0
DA:625,150
DA:627,150
DA:635,12
DA:637,12
DA:638,12
DA:641,12
DA:642,12
DA:644,12
DA:647,1
DA:649,1
DA:650,1
DA:651,1
DA:652,1
DA:656,1
DA:658,31
DA:659,30
DA:660,30
DA:661,30
DA:663,150
DA:664,120
DA:665,120
DA:671,120
DA:676,13
DA:677,13
DA:678,107
DA:680,30
DA:682,77
DA:683,9
DA:686,77
DA:688,120
DA:691,120
DA:692,120
DA:693,7
DA:694,7
DA:695,7
DA:696,7
DA:700,120
DA:701,30
DA:706,120
DA:707,120
DA:709,120
DA:712,120
DA:713,120
DA:716,30
DA:718,1
DA:725,1
LF:325
LH:315
end_of_record
TN:
SF:/mediawiki-php-excimer/excimer_mutex.c
FNL:0,19,25
FNA:0,0,excimer_mutex_init
FNL:1,27,34
FNA:1,310,excimer_mutex_lock
FNL:2,36,43
FNA:2,310,excimer_mutex_unlock
FNL:3,45,51
FNA:3,17,excimer_mutex_destroy
FNF:4
FNH:3
DA:19,0
DA:21,0
DA:22,0
DA:23,0
DA:25,0
DA:27,310
DA:29,310
DA:30,310
DA:31,0
DA:32,0
DA:34,310
DA:36,310
DA:38,310
DA:39,310
DA:40,0
DA:41,0
DA:43,310
DA:45,17
DA:47,17
DA:48,17
DA:49,0
DA:51,17
LF:22
LH:12
end_of_record
TN:
SF:/mediawiki-php-excimer/excimer_timer.c
FNL:0,122,132
FNA:0,178,excimer_timer_pending_dequeue
FNL:1,136,140
FNA:1,17,excimer_timer_module_init
FNL:2,142,144
FNA:2,17,excimer_timer_module_shutdown
FNL:3,146,151
FNA:3,17,excimer_timer_thread_init
FNL:4,153,165
FNA:4,17,excimer_timer_thread_shutdown
FNL:5,167,188
FNA:5,42,excimer_timer_init
FNL:6,190,213
FNA:6,44,excimer_timer_start
FNL:7,215,226
FNA:7,7,excimer_timer_stop
FNL:8,228,257
FNA:8,42,excimer_timer_destroy
FNL:9,259,267
FNA:9,90,excimer_timer_handle
FNL:10,269,280
FNA:10,89,excimer_timer_interrupt
FNL:11,282,291
FNA:11,3,excimer_timer_get_time
FNL:12,44,59
FNA:12,90,excimer_timer_list_enqueue
FNL:13,68,89
FNA:13,178,excimer_timer_list_dequeue
FNL:14,95,111
FNA:14,42,excimer_timer_list_remove
FNF:15
FNH:15
DA:44,90
DA:46,90
DA:47,90
DA:48,90
DA:49,0
DA:50,0
DA:51,0
DA:52,0
DA:54,90
DA:55,90
DA:56,90
DA:59,90
DA:68,178
DA:70,178
DA:71,178
DA:73,89
DA:74,89
DA:76,89
DA:79,0
DA:80,0
DA:83,89
DA:84,89
DA:85,89
DA:87,89
DA:95,42
DA:97,42
DA:98,42
DA:99,1
DA:100,1
DA:102,0
DA:103,0
DA:104,0
DA:105,0
DA:108,1
DA:109,1
DA:111,42
DA:122,178
DA:124,178
DA:125,178
DA:126,178
DA:127,89
DA:128,89
DA:130,178
DA:131,178
DA:136,17
DA:138,17
DA:139,17
DA:140,17
DA:142,17
DA:144,17
DA:146,17
DA:148,17
DA:151,17
DA:153,17
DA:155,17
DA:161,0
DA:163,17
DA:165,17
DA:167,42
DA:172,42
DA:173,42
DA:174,42
DA:175,42
DA:176,42
DA:177,42
DA:179,42
DA:180,0
DA:181,0
DA:184,42
DA:185,42
DA:186,42
DA:187,42
DA:190,44
DA:193,44
DA:194,0
DA:195,0
DA:200,44
DA:201,12
DA:204,44
DA:205,0
DA:207,0
DA:210,44
DA:211,44
DA:215,7
DA:217,7
DA:218,0
DA:219,0
DA:221,7
DA:222,7
DA:223,7
DA:228,42
DA:230,42
DA:233,0
DA:235,42
DA:236,0
DA:238,0
DA:242,42
DA:243,37
DA:244,37
DA:247,42
DA:248,42
DA:251,42
DA:252,42
DA:253,42
DA:255,42
DA:256,42
DA:259,90
DA:261,90
DA:262,90
DA:263,90
DA:264,90
DA:265,90
DA:266,90
DA:267,90
DA:269,89
DA:271,89
DA:272,89
DA:273,178
DA:274,89
DA:277,89
DA:278,89
DA:280,89
DA:282,3
DA:284,3
DA:285,2
DA:286,2
DA:287,2
DA:290,1
LF:128
LH:106
end_of_record
TN:
SF:/mediawiki-php-excimer/php_excimer.h
FNL:0,40,45
FNA:0,280,excimer_safe_uint32
FNF:1
FNH:1
DA:40,280
DA:41,280
DA:42,0
DA:44,280
LF:4
LH:3
end_of_record
TN:
SF:/mediawiki-php-excimer/timerlib/timerlib.h
FNL:0,143,146
FNA:0,132,timerlib_timespec_is_zero
FNL:1,156,159
FNA:1,71,timerlib_timespec_to_ns
FNL:2,169,172
FNA:2,3,timerlib_timespec_to_double
FNF:3
FNH:3
DA:143,132
DA:145,132
DA:156,71
DA:158,71
DA:169,3
DA:171,3
LF:6
LH:6
end_of_record
TN:
SF:/mediawiki-php-excimer/timerlib/timerlib_common.c
FNL:0,14,23
FNA:0,0,timerlib_timespec_subtract
FNL:1,25,40
FNA:1,58,timerlib_timespec_from_double
FNL:2,4,12
FNA:2,0,timerlib_timespec_add
FNL:3,42,46
FNA:3,0,timerlib_timer_start_oneshot
FNL:4,48,51
FNA:4,0,timerlib_timer_start_periodic
FNF:5
FNH:1
DA:4,0
DA:6,0
DA:7,0
DA:8,0
DA:9,0
DA:10,0
DA:12,0
DA:14,0
DA:16,0
DA:17,0
DA:18,0
DA:19,0
DA:21,0
DA:23,0
DA:25,58
DA:28,58
DA:29,0
DA:30,0
DA:33,58
DA:34,58
DA:35,58
DA:36,58
DA:37,0
DA:38,0
DA:42,0
DA:44,0
DA:45,0
DA:48,0
DA:50,0
LF:29
LH:6
end_of_record
TN:
SF:/mediawiki-php-excimer/timerlib/timerlib_posix.c
FNL:0,103,111
FNA:0,42,timerlib_join
FNL:1,117,129
FNA:1,110,timerlib_map_clock
FNL:2,134,162
FNA:2,42,timerlib_timer_thread_main
FNL:3,164,221
FNA:3,42,timerlib_timer_init
FNL:4,223,247
FNA:4,44,timerlib_timer_start
FNL:5,249,263
FNA:5,44,timerlib_timer_stop
FNL:6,265,279
FNA:6,42,timerlib_timer_destroy
FNL:7,281,296
FNA:7,1,timerlib_timer_get_time
FNL:8,298,307
FNA:8,68,timerlib_clock_get_time
FNL:9,33,38
FNA:9,42,timerlib_block_signals
FNL:10,40,42
FNA:10,42,timerlib_unblock_signals
FNL:11,71,80
FNA:11,42,timerlib_notify_ready
FNL:12,85,98
FNA:12,42,timerlib_graceful_exit
FNF:13
FNH:13
DA:33,42
DA:36,42
DA:37,42
DA:38,42
DA:40,42
DA:42,42
DA:71,42
DA:73,42
DA:74,42
DA:75,42
DA:76,42
DA:77,0
DA:79,42
DA:80,42
DA:85,42
DA:91,42
DA:92,42
DA:93,42
DA:94,0
DA:95,0
DA:97,42
DA:103,42
DA:105,42
DA:106,42
DA:107,0
DA:108,0
DA:110,42
DA:117,110
DA:119,110
DA:120,109
DA:122,1
DA:123,1
DA:124,1
DA:125,0
DA:127,1
DA:134,42
DA:136,42
DA:137,42
DA:140,42
DA:144,42
DA:145,42
DA:147,90
DA:152,132
DA:154,132
DA:155,42
DA:158,90
DA:159,90
DA:164,42
DA:168,42
DA:180,42
DA:181,42
DA:184,42
DA:185,42
DA:186,42
DA:187,42
DA:188,0
DA:189,0
DA:191,42
DA:194,42
DA:195,84
DA:196,42
DA:197,42
DA:198,0
DA:199,0
DA:202,42
DA:207,84
DA:208,42
DA:210,42
DA:212,42
DA:213,0
DA:214,0
DA:218,42
DA:220,42
DA:223,44
DA:225,44
DA:230,44
DA:233,0
DA:236,44
DA:238,0
DA:241,44
DA:242,0
DA:243,0
DA:246,44
DA:249,44
DA:251,44
DA:253,44
DA:254,0
DA:257,44
DA:258,0
DA:259,0
DA:262,44
DA:265,42
DA:267,42
DA:268,42
DA:269,42
DA:270,42
DA:273,42
DA:274,42
DA:275,42
DA:276,0
DA:279,42
DA:281,1
DA:283,1
DA:284,1
DA:287,1
DA:288,1
DA:289,0
DA:291,1
DA:294,1
DA:295,1
DA:298,68
DA:300,68
DA:301,0
DA:302,0
DA:303,0
DA:305,68
LF:116
LH:92
end_of_record
TN:
SF:/mediawiki-php-excimer/timerlib/timerlib_pthread_mutex.h
FNL:0,23,29
FNA:0,84,timerlib_mutex_lock_func
FNL:1,31,37
FNA:1,84,timerlib_mutex_unlock_func
FNF:2
FNH:2
DA:23,84
DA:25,84
DA:26,84
DA:27,0
DA:29,84
DA:31,84
DA:33,84
DA:34,84
DA:35,0
DA:37,84
LF:10
LH:8
end_of_record
TN:
SF:/mediawiki-php-excimer/timerlib_config.h
FNL:0,30,33
FNA:0,0,timerlib_report_errno
FNL:1,41,44
FNA:1,0,timerlib_abort_func
FNF:2
FNH:0
DA:30,0
DA:32,0
DA:33,0
DA:41,0
DA:42,0
DA:43,0
LF:6
LH:0
end_of_record
